
RCS file: /cvs/msv/msv/src/com/sun/msv/scanner/dtd/DTDEventListener.java,v
Working file: DTDEventListener.java
head: 1.9
branch:
locks: strict
access list:
symbolic names:
	msv-20040813: 1.8
	msv-20040510: 1.8
	jwsdp13_sust_branch: 1.7.0.2
	msv-20040308: 1.7
	JWSDP_1_3_SCF: 1.7
	JWSDP_1_2_HCF: 1.6
	JAXB_RI_HCF: 1.6
	April2002_Release: 1.5
	September2001_Release: 1.5
	July2001_release: 1.5
	March2001_release_patches: 1.5.0.2
	March2001_release: 1.5
keyword substitution: kv
total revisions: 1;	selected revisions: 1
description:
----------------------------
revision 1.9
date: 2004/09/13 17:42:13;  author: kohsuke;  state: Exp;
doc improvement
=============================================================================
